<?xml version="1.0" encoding="UTF-8"?>
<!-- Generated by org.testng.reporters.JUnitXMLReporter -->
<testsuite hostname="STI-D01-PRAKAS" name="Test" tests="2" failures="1" timestamp="30 Aug 2017 11:32:27 GMT" time="44.511" errors="0">
  <testcase name="TC_001" time="21.021" classname="TestCases.TC_001">
    <failure type="java.lang.AssertionError" message="null">
      <![CDATA[java.lang.AssertionError: null
	at Utilities.Common.testAssertFail(Common.java:279)
	at PageMethods.SearchHotel.verifyLoginpage(SearchHotel.java:105)
	at TestCases.TC_001.TC_001(TC_001.java:42)
... Removed 26 stack frames]]>
    </failure>
  </testcase> <!-- TC_001 -->
  <testcase name="TC_002" time="23.054" classname="TestCases.TC_002"/>
</testsuite> <!-- Test -->
