<?xml version="1.0" encoding="UTF-8"?>
<!-- Generated by org.testng.reporters.JUnitXMLReporter -->
<testsuite hostname="STI-D01-PRAKAS" name="Test" tests="2" failures="1" timestamp="6 Sep 2017 12:07:38 GMT" time="60.005" errors="0">
  <testcase name="TC_001" time="37.131" classname="TestCases.TC_001">
    <failure type="java.lang.AssertionError" message="null">
      <![CDATA[java.lang.AssertionError: null
	at Utilities.Common.testAssertFail(Common.java:301)
	at PageMethods.SearchHotel.verifyLoginpage(SearchHotel.java:106)
	at TestCases.TC_001.TC_001(TC_001.java:42)
... Removed 29 stack frames]]>
    </failure>
  </testcase> <!-- TC_001 -->
  <testcase name="TC_002" time="22.404" classname="TestCases.TC_002"/>
</testsuite> <!-- Test -->
